C51 COMPILER V9.60.7.0   MAIN                                                              06/30/2024 13:53:12 PAGE 1   


C51 COMPILER V9.60.7.0, COMPILATION OF MODULE MAIN
OBJECT MODULE PLACED IN main.OBJ
COMPILER INVOKED BY: C:\Keil_v5\C51\BIN\C51.EXE main.c OPTIMIZE(8,SPEED) BROWSE DEBUG OBJECTEXTEND TABS(2)

line level    source

   1          #include "main.h"
   2          
   3          unsigned char xdata PTWY _at_ 0x8008; // Rejestr portu sterujacego diodami L0-L7
   4          short int myint=3;
   5          
   6          
   7          extern unsigned char GETADC(unsigned char myint);
   8          
   9          void main(void) {
  10   1        
  11   1          myint = GETADC( myint );
  12   1        //    PTWY=1;
  13   1      //    WAIT_10US(100U);
  14   1      //      PTWY=2;
  15   1        
  16   1       //   while(1) {
  17   1            //WAIT_10US(10U);
  18   1        //    GETADC();
  19   1        //  }
  20   1      }
  21          
  22           
  23           


MODULE INFORMATION:   STATIC OVERLAYABLE
   CODE SIZE        =     11    ----
   CONSTANT SIZE    =   ----    ----
   XDATA SIZE       =   ----    ----
   PDATA SIZE       =   ----    ----
   DATA SIZE        =      2    ----
   IDATA SIZE       =   ----    ----
   BIT SIZE         =   ----    ----
END OF MODULE INFORMATION.


C51 COMPILATION COMPLETE.  0 WARNING(S),  0 ERROR(S)
